<?xml version="1.0" encoding="UTF-8"?>
<robot generator="Robot 5.0 (Python 3.9.10 on win32)" generated="20220410 01:52:34.388" rpa="false" schemaversion="3">
<suite id="s1" name="Book" source="C:\Users\Lenovo\PycharmProjects\Robot Framework\Tests\Book\FunctionalTestSuite\book.robot">
<test id="s1-t1" name="User Registration test" line="12">
<kw name="Open Browser" library="SeleniumLibrary">
<arg>http://127.0.0.1:5000</arg>
<arg>chrome</arg>
<doc>Opens a new browser instance to the optional ``url``.</doc>
<msg timestamp="20220410 01:52:35.358" level="INFO">Opening browser 'chrome' to base url 'http://127.0.0.1:5000'.</msg>
<status status="PASS" starttime="20220410 01:52:35.357" endtime="20220410 01:52:42.725"/>
</kw>
<kw name="Maximize Browser Window" library="SeleniumLibrary">
<doc>Maximizes current browser window.</doc>
<status status="PASS" starttime="20220410 01:52:42.728" endtime="20220410 01:52:42.895"/>
</kw>
<kw name="Sleep" library="BuiltIn">
<arg>1s</arg>
<doc>Pauses the test executed for the given time.</doc>
<msg timestamp="20220410 01:52:43.903" level="INFO">Slept 1 second</msg>
<status status="PASS" starttime="20220410 01:52:42.897" endtime="20220410 01:52:43.903"/>
</kw>
<kw name="Click Link" library="SeleniumLibrary">
<arg>xpath:/html/body/center/a</arg>
<doc>Clicks a link identified by ``locator``.</doc>
<msg timestamp="20220410 01:52:43.907" level="INFO">Clicking link 'xpath:/html/body/center/a'.</msg>
<status status="PASS" starttime="20220410 01:52:43.905" endtime="20220410 01:52:44.368"/>
</kw>
<kw name="Sleep" library="BuiltIn">
<arg>2s</arg>
<doc>Pauses the test executed for the given time.</doc>
<msg timestamp="20220410 01:52:46.374" level="INFO">Slept 2 seconds</msg>
<status status="PASS" starttime="20220410 01:52:44.369" endtime="20220410 01:52:46.375"/>
</kw>
<kw name="Input Text" library="SeleniumLibrary">
<arg>name:name</arg>
<arg>Ram</arg>
<doc>Types the given ``text`` into the text field identified by ``locator``.</doc>
<msg timestamp="20220410 01:52:46.378" level="INFO">Typing text 'Ram' into text field 'name:name'.</msg>
<status status="PASS" starttime="20220410 01:52:46.377" endtime="20220410 01:52:46.796"/>
</kw>
<kw name="Sleep" library="BuiltIn">
<arg>1s</arg>
<doc>Pauses the test executed for the given time.</doc>
<msg timestamp="20220410 01:52:47.802" level="INFO">Slept 1 second</msg>
<status status="PASS" starttime="20220410 01:52:46.797" endtime="20220410 01:52:47.802"/>
</kw>
<kw name="Input Text" library="SeleniumLibrary">
<arg>name:add</arg>
<arg>No.4,thirupattur</arg>
<doc>Types the given ``text`` into the text field identified by ``locator``.</doc>
<msg timestamp="20220410 01:52:47.806" level="INFO">Typing text 'No.4,thirupattur' into text field 'name:add'.</msg>
<status status="PASS" starttime="20220410 01:52:47.805" endtime="20220410 01:52:48.220"/>
</kw>
<kw name="Sleep" library="BuiltIn">
<arg>1s</arg>
<doc>Pauses the test executed for the given time.</doc>
<msg timestamp="20220410 01:52:49.227" level="INFO">Slept 1 second</msg>
<status status="PASS" starttime="20220410 01:52:48.221" endtime="20220410 01:52:49.227"/>
</kw>
<kw name="Input Text" library="SeleniumLibrary">
<arg>name:email</arg>
<arg>${email}</arg>
<doc>Types the given ``text`` into the text field identified by ``locator``.</doc>
<msg timestamp="20220410 01:52:49.229" level="INFO">Typing text 'ram@gmail.com' into text field 'name:email'.</msg>
<status status="PASS" starttime="20220410 01:52:49.229" endtime="20220410 01:52:49.407"/>
</kw>
<kw name="Sleep" library="BuiltIn">
<arg>1s</arg>
<doc>Pauses the test executed for the given time.</doc>
<msg timestamp="20220410 01:52:50.409" level="INFO">Slept 1 second</msg>
<status status="PASS" starttime="20220410 01:52:49.407" endtime="20220410 01:52:50.410"/>
</kw>
<kw name="Input Text" library="SeleniumLibrary">
<arg>name:pno</arg>
<arg>9176117999</arg>
<doc>Types the given ``text`` into the text field identified by ``locator``.</doc>
<msg timestamp="20220410 01:52:50.417" level="INFO">Typing text '9176117999' into text field 'name:pno'.</msg>
<status status="PASS" starttime="20220410 01:52:50.414" endtime="20220410 01:52:50.668"/>
</kw>
<kw name="Sleep" library="BuiltIn">
<arg>1s</arg>
<doc>Pauses the test executed for the given time.</doc>
<msg timestamp="20220410 01:52:51.683" level="INFO">Slept 1 second</msg>
<status status="PASS" starttime="20220410 01:52:50.670" endtime="20220410 01:52:51.684"/>
</kw>
<kw name="Input Text" library="SeleniumLibrary">
<arg>name:pass</arg>
<arg>${password}</arg>
<doc>Types the given ``text`` into the text field identified by ``locator``.</doc>
<msg timestamp="20220410 01:52:51.688" level="INFO">Typing text '9875' into text field 'name:pass'.</msg>
<status status="PASS" starttime="20220410 01:52:51.686" endtime="20220410 01:52:51.923"/>
</kw>
<kw name="Sleep" library="BuiltIn">
<arg>1s</arg>
<doc>Pauses the test executed for the given time.</doc>
<msg timestamp="20220410 01:52:52.928" level="INFO">Slept 1 second</msg>
<status status="PASS" starttime="20220410 01:52:51.924" endtime="20220410 01:52:52.929"/>
</kw>
<kw name="Click Button" library="SeleniumLibrary">
<arg>xpath:/html/body/div/div/div[2]/form/center/button</arg>
<doc>Clicks the button identified by ``locator``.</doc>
<msg timestamp="20220410 01:52:52.933" level="INFO">Clicking button 'xpath:/html/body/div/div/div[2]/form/center/button'.</msg>
<status status="PASS" starttime="20220410 01:52:52.931" endtime="20220410 01:52:53.316"/>
</kw>
<kw name="Sleep" library="BuiltIn">
<arg>3s</arg>
<doc>Pauses the test executed for the given time.</doc>
<msg timestamp="20220410 01:52:56.327" level="INFO">Slept 3 seconds</msg>
<status status="PASS" starttime="20220410 01:52:53.317" endtime="20220410 01:52:56.328"/>
</kw>
<doc>Registration page</doc>
<tag>user</tag>
<status status="PASS" starttime="20220410 01:52:35.354" endtime="20220410 01:52:56.332"/>
</test>
<test id="s1-t2" name="User Login test" line="33">
<kw name="Input Text" library="SeleniumLibrary">
<arg>name:email</arg>
<arg>${email}</arg>
<doc>Types the given ``text`` into the text field identified by ``locator``.</doc>
<msg timestamp="20220410 01:52:56.347" level="INFO">Typing text 'ram@gmail.com' into text field 'name:email'.</msg>
<status status="PASS" starttime="20220410 01:52:56.345" endtime="20220410 01:52:56.690"/>
</kw>
<kw name="Sleep" library="BuiltIn">
<arg>1s</arg>
<doc>Pauses the test executed for the given time.</doc>
<msg timestamp="20220410 01:52:57.693" level="INFO">Slept 1 second</msg>
<status status="PASS" starttime="20220410 01:52:56.691" endtime="20220410 01:52:57.694"/>
</kw>
<kw name="Input Text" library="SeleniumLibrary">
<arg>name:pass</arg>
<arg>${password}</arg>
<doc>Types the given ``text`` into the text field identified by ``locator``.</doc>
<msg timestamp="20220410 01:52:57.697" level="INFO">Typing text '9875' into text field 'name:pass'.</msg>
<status status="PASS" starttime="20220410 01:52:57.696" endtime="20220410 01:52:57.928"/>
</kw>
<kw name="Sleep" library="BuiltIn">
<arg>1s</arg>
<doc>Pauses the test executed for the given time.</doc>
<msg timestamp="20220410 01:52:58.944" level="INFO">Slept 1 second</msg>
<status status="PASS" starttime="20220410 01:52:57.929" endtime="20220410 01:52:58.944"/>
</kw>
<kw name="Click Button" library="SeleniumLibrary">
<arg>xpath:/html/body/div/div/div[2]/form/center/button</arg>
<doc>Clicks the button identified by ``locator``.</doc>
<msg timestamp="20220410 01:52:58.947" level="INFO">Clicking button 'xpath:/html/body/div/div/div[2]/form/center/button'.</msg>
<status status="PASS" starttime="20220410 01:52:58.946" endtime="20220410 01:52:59.274"/>
</kw>
<kw name="Sleep" library="BuiltIn">
<arg>3s</arg>
<doc>Pauses the test executed for the given time.</doc>
<msg timestamp="20220410 01:53:02.292" level="INFO">Slept 3 seconds</msg>
<status status="PASS" starttime="20220410 01:52:59.279" endtime="20220410 01:53:02.293"/>
</kw>
<doc>Login page</doc>
<tag>user</tag>
<status status="PASS" starttime="20220410 01:52:56.340" endtime="20220410 01:53:02.298"/>
</test>
<test id="s1-t3" name="Admin login test" line="43">
<kw name="Input Text" library="SeleniumLibrary">
<arg>name:uname</arg>
<arg>${username}</arg>
<doc>Types the given ``text`` into the text field identified by ``locator``.</doc>
<msg timestamp="20220410 01:53:02.318" level="INFO">Typing text 'admin' into text field 'name:uname'.</msg>
<status status="PASS" starttime="20220410 01:53:02.314" endtime="20220410 01:53:02.538"/>
</kw>
<kw name="Sleep" library="BuiltIn">
<arg>1s</arg>
<doc>Pauses the test executed for the given time.</doc>
<msg timestamp="20220410 01:53:03.543" level="INFO">Slept 1 second</msg>
<status status="PASS" starttime="20220410 01:53:02.538" endtime="20220410 01:53:03.544"/>
</kw>
<kw name="Input Password" library="SeleniumLibrary">
<arg>name:pass</arg>
<arg>${password}</arg>
<doc>Types the given password into the text field identified by ``locator``.</doc>
<msg timestamp="20220410 01:53:03.550" level="INFO">Typing password into text field 'name:pass'.</msg>
<msg timestamp="20220410 01:53:03.694" level="INFO">Temporally setting log level to: NONE</msg>
<msg timestamp="20220410 01:53:03.807" level="INFO">Log level changed from NONE to INFO.</msg>
<status status="PASS" starttime="20220410 01:53:03.547" endtime="20220410 01:53:03.808"/>
</kw>
<kw name="Sleep" library="BuiltIn">
<arg>1s</arg>
<doc>Pauses the test executed for the given time.</doc>
<msg timestamp="20220410 01:53:04.819" level="INFO">Slept 1 second</msg>
<status status="PASS" starttime="20220410 01:53:03.811" endtime="20220410 01:53:04.819"/>
</kw>
<kw name="Click Button" library="SeleniumLibrary">
<arg>xpath:/html/body/div/div/div[2]/form/center/button</arg>
<doc>Clicks the button identified by ``locator``.</doc>
<msg timestamp="20220410 01:53:04.822" level="INFO">Clicking button 'xpath:/html/body/div/div/div[2]/form/center/button'.</msg>
<status status="PASS" starttime="20220410 01:53:04.821" endtime="20220410 01:53:05.106"/>
</kw>
<kw name="Sleep" library="BuiltIn">
<arg>3s</arg>
<doc>Pauses the test executed for the given time.</doc>
<msg timestamp="20220410 01:53:08.115" level="INFO">Slept 3 seconds</msg>
<status status="PASS" starttime="20220410 01:53:05.108" endtime="20220410 01:53:08.115"/>
</kw>
<doc>Login page</doc>
<tag>admin</tag>
<status status="PASS" starttime="20220410 01:53:02.307" endtime="20220410 01:53:08.116"/>
</test>
<test id="s1-t4" name="AddBook Admin test" line="53">
<kw name="Input Text" library="SeleniumLibrary">
<arg>name:name</arg>
<arg>Evil death</arg>
<doc>Types the given ``text`` into the text field identified by ``locator``.</doc>
<msg timestamp="20220410 01:53:08.123" level="INFO">Typing text 'Evil death' into text field 'name:name'.</msg>
<status status="PASS" starttime="20220410 01:53:08.122" endtime="20220410 01:53:08.385"/>
</kw>
<kw name="Sleep" library="BuiltIn">
<arg>1s</arg>
<doc>Pauses the test executed for the given time.</doc>
<msg timestamp="20220410 01:53:09.400" level="INFO">Slept 1 second</msg>
<status status="PASS" starttime="20220410 01:53:08.386" endtime="20220410 01:53:09.400"/>
</kw>
<kw name="Input Text" library="SeleniumLibrary">
<arg>name:auth</arg>
<arg>James Cameron</arg>
<doc>Types the given ``text`` into the text field identified by ``locator``.</doc>
<msg timestamp="20220410 01:53:09.403" level="INFO">Typing text 'James Cameron' into text field 'name:auth'.</msg>
<status status="PASS" starttime="20220410 01:53:09.402" endtime="20220410 01:53:09.703"/>
</kw>
<kw name="Sleep" library="BuiltIn">
<arg>1s</arg>
<doc>Pauses the test executed for the given time.</doc>
<msg timestamp="20220410 01:53:10.712" level="INFO">Slept 1 second</msg>
<status status="PASS" starttime="20220410 01:53:09.704" endtime="20220410 01:53:10.713"/>
</kw>
<kw name="Input Text" library="SeleniumLibrary">
<arg>name:cat</arg>
<arg>Horror</arg>
<doc>Types the given ``text`` into the text field identified by ``locator``.</doc>
<msg timestamp="20220410 01:53:10.718" level="INFO">Typing text 'Horror' into text field 'name:cat'.</msg>
<status status="PASS" starttime="20220410 01:53:10.715" endtime="20220410 01:53:11.074"/>
</kw>
<kw name="Sleep" library="BuiltIn">
<arg>1s</arg>
<doc>Pauses the test executed for the given time.</doc>
<msg timestamp="20220410 01:53:12.081" level="INFO">Slept 1 second</msg>
<status status="PASS" starttime="20220410 01:53:11.077" endtime="20220410 01:53:12.082"/>
</kw>
<kw name="Input Text" library="SeleniumLibrary">
<arg>name:price</arg>
<arg>2000</arg>
<doc>Types the given ``text`` into the text field identified by ``locator``.</doc>
<msg timestamp="20220410 01:53:12.086" level="INFO">Typing text '2000' into text field 'name:price'.</msg>
<status status="PASS" starttime="20220410 01:53:12.085" endtime="20220410 01:53:12.343"/>
</kw>
<kw name="Sleep" library="BuiltIn">
<arg>1s</arg>
<doc>Pauses the test executed for the given time.</doc>
<msg timestamp="20220410 01:53:13.355" level="INFO">Slept 1 second</msg>
<status status="PASS" starttime="20220410 01:53:12.347" endtime="20220410 01:53:13.356"/>
</kw>
<kw name="Input Text" library="SeleniumLibrary">
<arg>name:pub</arg>
<arg>Simon</arg>
<doc>Types the given ``text`` into the text field identified by ``locator``.</doc>
<msg timestamp="20220410 01:53:13.360" level="INFO">Typing text 'Simon' into text field 'name:pub'.</msg>
<status status="PASS" starttime="20220410 01:53:13.358" endtime="20220410 01:53:13.682"/>
</kw>
<kw name="Sleep" library="BuiltIn">
<arg>1s</arg>
<doc>Pauses the test executed for the given time.</doc>
<msg timestamp="20220410 01:53:14.692" level="INFO">Slept 1 second</msg>
<status status="PASS" starttime="20220410 01:53:13.683" endtime="20220410 01:53:14.693"/>
</kw>
<kw name="Click Button" library="SeleniumLibrary">
<arg>xpath:/html/body/div[2]/div/div[2]/form/center/button</arg>
<doc>Clicks the button identified by ``locator``.</doc>
<msg timestamp="20220410 01:53:14.697" level="INFO">Clicking button 'xpath:/html/body/div[2]/div/div[2]/form/center/button'.</msg>
<status status="PASS" starttime="20220410 01:53:14.695" endtime="20220410 01:53:14.913"/>
</kw>
<kw name="Sleep" library="BuiltIn">
<arg>2s</arg>
<doc>Pauses the test executed for the given time.</doc>
<msg timestamp="20220410 01:53:16.915" level="INFO">Slept 2 seconds</msg>
<status status="PASS" starttime="20220410 01:53:14.913" endtime="20220410 01:53:16.916"/>
</kw>
<kw name="Click Button" library="SeleniumLibrary">
<arg>xpath:/html/body/div[2]/div/div[2]/form/div/div/div/div/button[3]</arg>
<doc>Clicks the button identified by ``locator``.</doc>
<msg timestamp="20220410 01:53:16.921" level="INFO">Clicking button 'xpath:/html/body/div[2]/div/div[2]/form/div/div/div/div/button[3]'.</msg>
<status status="PASS" starttime="20220410 01:53:16.919" endtime="20220410 01:53:17.451"/>
</kw>
<kw name="Sleep" library="BuiltIn">
<arg>4s</arg>
<doc>Pauses the test executed for the given time.</doc>
<msg timestamp="20220410 01:53:21.459" level="INFO">Slept 4 seconds</msg>
<status status="PASS" starttime="20220410 01:53:17.453" endtime="20220410 01:53:21.460"/>
</kw>
<doc>Addbook page</doc>
<tag>admin</tag>
<status status="PASS" starttime="20220410 01:53:08.120" endtime="20220410 01:53:21.463"/>
</test>
<test id="s1-t5" name="Search Book test" line="71">
<kw name="Click Link" library="SeleniumLibrary">
<arg>xpath:/html/body/div[1]/div/div/nav/div/div/ul/li[4]/a</arg>
<doc>Clicks a link identified by ``locator``.</doc>
<msg timestamp="20220410 01:53:21.479" level="INFO">Clicking link 'xpath:/html/body/div[1]/div/div/nav/div/div/ul/li[4]/a'.</msg>
<status status="PASS" starttime="20220410 01:53:21.476" endtime="20220410 01:53:21.905"/>
</kw>
<kw name="Sleep" library="BuiltIn">
<arg>1s</arg>
<doc>Pauses the test executed for the given time.</doc>
<msg timestamp="20220410 01:53:22.914" level="INFO">Slept 1 second</msg>
<status status="PASS" starttime="20220410 01:53:21.908" endtime="20220410 01:53:22.915"/>
</kw>
<kw name="Input Text" library="SeleniumLibrary">
<arg>name:name</arg>
<arg>Evil death</arg>
<doc>Types the given ``text`` into the text field identified by ``locator``.</doc>
<msg timestamp="20220410 01:53:22.919" level="INFO">Typing text 'Evil death' into text field 'name:name'.</msg>
<status status="PASS" starttime="20220410 01:53:22.917" endtime="20220410 01:53:23.284"/>
</kw>
<kw name="Sleep" library="BuiltIn">
<arg>1s</arg>
<doc>Pauses the test executed for the given time.</doc>
<msg timestamp="20220410 01:53:24.293" level="INFO">Slept 1 second</msg>
<status status="PASS" starttime="20220410 01:53:23.285" endtime="20220410 01:53:24.294"/>
</kw>
<kw name="Click Button" library="SeleniumLibrary">
<arg>xpath:/html/body/div[2]/div/div[2]/form/center/button</arg>
<doc>Clicks the button identified by ``locator``.</doc>
<msg timestamp="20220410 01:53:24.299" level="INFO">Clicking button 'xpath:/html/body/div[2]/div/div[2]/form/center/button'.</msg>
<status status="PASS" starttime="20220410 01:53:24.297" endtime="20220410 01:53:24.747"/>
</kw>
<kw name="Sleep" library="BuiltIn">
<arg>3s</arg>
<doc>Pauses the test executed for the given time.</doc>
<msg timestamp="20220410 01:53:27.749" level="INFO">Slept 3 seconds</msg>
<status status="PASS" starttime="20220410 01:53:24.748" endtime="20220410 01:53:27.750"/>
</kw>
<doc>Search page</doc>
<tag>user</tag>
<status status="PASS" starttime="20220410 01:53:21.471" endtime="20220410 01:53:27.752"/>
</test>
<test id="s1-t6" name="ViewBook Admin test" line="81">
<kw name="Click Link" library="SeleniumLibrary">
<arg>xpath:/html/body/div[1]/div/div/nav/div/div/ul/li[2]/a</arg>
<doc>Clicks a link identified by ``locator``.</doc>
<msg timestamp="20220410 01:53:27.766" level="INFO">Clicking link 'xpath:/html/body/div[1]/div/div/nav/div/div/ul/li[2]/a'.</msg>
<status status="PASS" starttime="20220410 01:53:27.764" endtime="20220410 01:53:28.139"/>
</kw>
<kw name="Sleep" library="BuiltIn">
<arg>4s</arg>
<doc>Pauses the test executed for the given time.</doc>
<msg timestamp="20220410 01:53:32.145" level="INFO">Slept 4 seconds</msg>
<status status="PASS" starttime="20220410 01:53:28.141" endtime="20220410 01:53:32.146"/>
</kw>
<doc>ViewBook page</doc>
<tag>admin</tag>
<status status="PASS" starttime="20220410 01:53:27.760" endtime="20220410 01:53:32.148"/>
</test>
<test id="s1-t7" name="Update Book test" line="87">
<kw name="Click Link" library="SeleniumLibrary">
<arg>xpath:/html/body/div[1]/div/div/nav/div/div/ul/li[3]/a</arg>
<doc>Clicks a link identified by ``locator``.</doc>
<msg timestamp="20220410 01:53:32.163" level="INFO">Clicking link 'xpath:/html/body/div[1]/div/div/nav/div/div/ul/li[3]/a'.</msg>
<status status="PASS" starttime="20220410 01:53:32.162" endtime="20220410 01:53:32.484"/>
</kw>
<kw name="Sleep" library="BuiltIn">
<arg>1s</arg>
<doc>Pauses the test executed for the given time.</doc>
<msg timestamp="20220410 01:53:33.496" level="INFO">Slept 1 second</msg>
<status status="PASS" starttime="20220410 01:53:32.485" endtime="20220410 01:53:33.497"/>
</kw>
<kw name="Input Text" library="SeleniumLibrary">
<arg>name:name</arg>
<arg>Evil death</arg>
<doc>Types the given ``text`` into the text field identified by ``locator``.</doc>
<msg timestamp="20220410 01:53:33.501" level="INFO">Typing text 'Evil death' into text field 'name:name'.</msg>
<status status="PASS" starttime="20220410 01:53:33.499" endtime="20220410 01:53:34.043"/>
</kw>
<kw name="Sleep" library="BuiltIn">
<arg>1s</arg>
<doc>Pauses the test executed for the given time.</doc>
<msg timestamp="20220410 01:53:35.050" level="INFO">Slept 1 second</msg>
<status status="PASS" starttime="20220410 01:53:34.044" endtime="20220410 01:53:35.051"/>
</kw>
<kw name="Click Button" library="SeleniumLibrary">
<arg>xpath:/html/body/div[2]/div/div[2]/form/center/button</arg>
<doc>Clicks the button identified by ``locator``.</doc>
<msg timestamp="20220410 01:53:35.054" level="INFO">Clicking button 'xpath:/html/body/div[2]/div/div[2]/form/center/button'.</msg>
<status status="PASS" starttime="20220410 01:53:35.052" endtime="20220410 01:53:35.377"/>
</kw>
<kw name="Sleep" library="BuiltIn">
<arg>3s</arg>
<doc>Pauses the test executed for the given time.</doc>
<msg timestamp="20220410 01:53:38.391" level="INFO">Slept 3 seconds</msg>
<status status="PASS" starttime="20220410 01:53:35.378" endtime="20220410 01:53:38.392"/>
</kw>
<kw name="Click Link" library="SeleniumLibrary">
<arg>xpath:/html/body/div[3]/div/div/table/tbody/tr/td[6]/a</arg>
<doc>Clicks a link identified by ``locator``.</doc>
<msg timestamp="20220410 01:53:38.397" level="INFO">Clicking link 'xpath:/html/body/div[3]/div/div/table/tbody/tr/td[6]/a'.</msg>
<status status="PASS" starttime="20220410 01:53:38.395" endtime="20220410 01:53:38.727"/>
</kw>
<kw name="Sleep" library="BuiltIn">
<arg>3s</arg>
<doc>Pauses the test executed for the given time.</doc>
<msg timestamp="20220410 01:53:41.735" level="INFO">Slept 3 seconds</msg>
<status status="PASS" starttime="20220410 01:53:38.728" endtime="20220410 01:53:41.735"/>
</kw>
<kw name="Input Text" library="SeleniumLibrary">
<arg>name:name</arg>
<arg>The End</arg>
<doc>Types the given ``text`` into the text field identified by ``locator``.</doc>
<msg timestamp="20220410 01:53:41.739" level="INFO">Typing text 'The End' into text field 'name:name'.</msg>
<status status="PASS" starttime="20220410 01:53:41.738" endtime="20220410 01:53:42.192"/>
</kw>
<kw name="Sleep" library="BuiltIn">
<arg>1s</arg>
<doc>Pauses the test executed for the given time.</doc>
<msg timestamp="20220410 01:53:43.203" level="INFO">Slept 1 second</msg>
<status status="PASS" starttime="20220410 01:53:42.193" endtime="20220410 01:53:43.204"/>
</kw>
<kw name="Input Text" library="SeleniumLibrary">
<arg>name:auth</arg>
<arg>Nelson</arg>
<doc>Types the given ``text`` into the text field identified by ``locator``.</doc>
<msg timestamp="20220410 01:53:43.208" level="INFO">Typing text 'Nelson' into text field 'name:auth'.</msg>
<status status="PASS" starttime="20220410 01:53:43.206" endtime="20220410 01:53:43.518"/>
</kw>
<kw name="Sleep" library="BuiltIn">
<arg>1s</arg>
<doc>Pauses the test executed for the given time.</doc>
<msg timestamp="20220410 01:53:44.525" level="INFO">Slept 1 second</msg>
<status status="PASS" starttime="20220410 01:53:43.521" endtime="20220410 01:53:44.526"/>
</kw>
<kw name="Input Text" library="SeleniumLibrary">
<arg>name:cat</arg>
<arg>Horror</arg>
<doc>Types the given ``text`` into the text field identified by ``locator``.</doc>
<msg timestamp="20220410 01:53:44.530" level="INFO">Typing text 'Horror' into text field 'name:cat'.</msg>
<status status="PASS" starttime="20220410 01:53:44.528" endtime="20220410 01:53:44.896"/>
</kw>
<kw name="Sleep" library="BuiltIn">
<arg>1s</arg>
<doc>Pauses the test executed for the given time.</doc>
<msg timestamp="20220410 01:53:45.911" level="INFO">Slept 1 second</msg>
<status status="PASS" starttime="20220410 01:53:44.897" endtime="20220410 01:53:45.913"/>
</kw>
<kw name="Input Text" library="SeleniumLibrary">
<arg>name:price</arg>
<arg>3000</arg>
<doc>Types the given ``text`` into the text field identified by ``locator``.</doc>
<msg timestamp="20220410 01:53:45.916" level="INFO">Typing text '3000' into text field 'name:price'.</msg>
<status status="PASS" starttime="20220410 01:53:45.914" endtime="20220410 01:53:46.236"/>
</kw>
<kw name="Sleep" library="BuiltIn">
<arg>1s</arg>
<doc>Pauses the test executed for the given time.</doc>
<msg timestamp="20220410 01:53:47.248" level="INFO">Slept 1 second</msg>
<status status="PASS" starttime="20220410 01:53:46.242" endtime="20220410 01:53:47.248"/>
</kw>
<kw name="Input Text" library="SeleniumLibrary">
<arg>name:pub</arg>
<arg>Vijay</arg>
<doc>Types the given ``text`` into the text field identified by ``locator``.</doc>
<msg timestamp="20220410 01:53:47.251" level="INFO">Typing text 'Vijay' into text field 'name:pub'.</msg>
<status status="PASS" starttime="20220410 01:53:47.250" endtime="20220410 01:53:47.524"/>
</kw>
<kw name="Sleep" library="BuiltIn">
<arg>1s</arg>
<doc>Pauses the test executed for the given time.</doc>
<msg timestamp="20220410 01:53:48.540" level="INFO">Slept 1 second</msg>
<status status="PASS" starttime="20220410 01:53:47.530" endtime="20220410 01:53:48.540"/>
</kw>
<kw name="Click Button" library="SeleniumLibrary">
<arg>xpath:/html/body/div[2]/div/form/center/button</arg>
<doc>Clicks the button identified by ``locator``.</doc>
<msg timestamp="20220410 01:53:48.541" level="INFO">Clicking button 'xpath:/html/body/div[2]/div/form/center/button'.</msg>
<status status="PASS" starttime="20220410 01:53:48.540" endtime="20220410 01:53:48.689"/>
</kw>
<kw name="Sleep" library="BuiltIn">
<arg>2s</arg>
<doc>Pauses the test executed for the given time.</doc>
<msg timestamp="20220410 01:53:50.701" level="INFO">Slept 2 seconds</msg>
<status status="PASS" starttime="20220410 01:53:48.690" endtime="20220410 01:53:50.702"/>
</kw>
<kw name="Click Button" library="SeleniumLibrary">
<arg>xpath:/html/body/div[2]/div/form/div/div/div/button[2]</arg>
<doc>Clicks the button identified by ``locator``.</doc>
<msg timestamp="20220410 01:53:50.706" level="INFO">Clicking button 'xpath:/html/body/div[2]/div/form/div/div/div/button[2]'.</msg>
<status status="PASS" starttime="20220410 01:53:50.704" endtime="20220410 01:53:51.341"/>
</kw>
<kw name="Sleep" library="BuiltIn">
<arg>4s</arg>
<doc>Pauses the test executed for the given time.</doc>
<msg timestamp="20220410 01:53:55.353" level="INFO">Slept 4 seconds</msg>
<status status="PASS" starttime="20220410 01:53:51.342" endtime="20220410 01:53:55.353"/>
</kw>
<doc>Updatebook page</doc>
<tag>admin</tag>
<status status="PASS" starttime="20220410 01:53:32.156" endtime="20220410 01:53:55.357"/>
</test>
<test id="s1-t8" name="Delete Admin test" line="113">
<kw name="Click Link" library="SeleniumLibrary">
<arg>xpath:/html/body/div[1]/div/div/nav/div/div/ul/li[5]/a</arg>
<doc>Clicks a link identified by ``locator``.</doc>
<msg timestamp="20220410 01:53:55.371" level="INFO">Clicking link 'xpath:/html/body/div[1]/div/div/nav/div/div/ul/li[5]/a'.</msg>
<status status="PASS" starttime="20220410 01:53:55.370" endtime="20220410 01:53:55.860"/>
</kw>
<kw name="Sleep" library="BuiltIn">
<arg>1s</arg>
<doc>Pauses the test executed for the given time.</doc>
<msg timestamp="20220410 01:53:56.862" level="INFO">Slept 1 second</msg>
<status status="PASS" starttime="20220410 01:53:55.862" endtime="20220410 01:53:56.863"/>
</kw>
<kw name="Input Text" library="SeleniumLibrary">
<arg>name:name</arg>
<arg>Conjuring</arg>
<doc>Types the given ``text`` into the text field identified by ``locator``.</doc>
<msg timestamp="20220410 01:53:56.867" level="INFO">Typing text 'Conjuring' into text field 'name:name'.</msg>
<status status="PASS" starttime="20220410 01:53:56.865" endtime="20220410 01:53:57.245"/>
</kw>
<kw name="Sleep" library="BuiltIn">
<arg>1s</arg>
<doc>Pauses the test executed for the given time.</doc>
<msg timestamp="20220410 01:53:58.247" level="INFO">Slept 1 second</msg>
<status status="PASS" starttime="20220410 01:53:57.246" endtime="20220410 01:53:58.248"/>
</kw>
<kw name="Click Button" library="SeleniumLibrary">
<arg>xpath:/html/body/div[2]/div/div[2]/form/center/button</arg>
<doc>Clicks the button identified by ``locator``.</doc>
<msg timestamp="20220410 01:53:58.253" level="INFO">Clicking button 'xpath:/html/body/div[2]/div/div[2]/form/center/button'.</msg>
<status status="PASS" starttime="20220410 01:53:58.252" endtime="20220410 01:53:58.535"/>
</kw>
<kw name="Sleep" library="BuiltIn">
<arg>2s</arg>
<doc>Pauses the test executed for the given time.</doc>
<msg timestamp="20220410 01:54:00.544" level="INFO">Slept 2 seconds</msg>
<status status="PASS" starttime="20220410 01:53:58.536" endtime="20220410 01:54:00.545"/>
</kw>
<kw name="Click Button" library="SeleniumLibrary">
<arg>xpath:/html/body/div[2]/div/div[2]/form/div/div/div/div/button[3]</arg>
<doc>Clicks the button identified by ``locator``.</doc>
<msg timestamp="20220410 01:54:00.549" level="INFO">Clicking button 'xpath:/html/body/div[2]/div/div[2]/form/div/div/div/div/button[3]'.</msg>
<status status="PASS" starttime="20220410 01:54:00.547" endtime="20220410 01:54:01.103"/>
</kw>
<kw name="Sleep" library="BuiltIn">
<arg>4s</arg>
<doc>Pauses the test executed for the given time.</doc>
<msg timestamp="20220410 01:54:05.115" level="INFO">Slept 4 seconds</msg>
<status status="PASS" starttime="20220410 01:54:01.105" endtime="20220410 01:54:05.116"/>
</kw>
<doc>Deletebook page</doc>
<tag>admin</tag>
<status status="PASS" starttime="20220410 01:53:55.365" endtime="20220410 01:54:05.118"/>
</test>
<test id="s1-t9" name="Logout test" line="125">
<kw name="Click Element" library="SeleniumLibrary">
<arg>xpath:/html/body/div[1]/div/div/nav/div/div/ul/li[6]/a</arg>
<doc>Click the element identified by ``locator``.</doc>
<msg timestamp="20220410 01:54:05.136" level="INFO">Clicking element 'xpath:/html/body/div[1]/div/div/nav/div/div/ul/li[6]/a'.</msg>
<status status="PASS" starttime="20220410 01:54:05.133" endtime="20220410 01:54:05.553"/>
</kw>
<kw name="Sleep" library="BuiltIn">
<arg>3s</arg>
<doc>Pauses the test executed for the given time.</doc>
<msg timestamp="20220410 01:54:08.569" level="INFO">Slept 3 seconds</msg>
<status status="PASS" starttime="20220410 01:54:05.556" endtime="20220410 01:54:08.570"/>
</kw>
<kw name="Close Browser" library="SeleniumLibrary">
<doc>Closes the current browser.</doc>
<status status="PASS" starttime="20220410 01:54:08.572" endtime="20220410 01:54:13.640"/>
</kw>
<doc>Logout page</doc>
<tag>user</tag>
<status status="PASS" starttime="20220410 01:54:05.126" endtime="20220410 01:54:13.643"/>
</test>
<status status="PASS" starttime="20220410 01:52:34.395" endtime="20220410 01:54:13.654"/>
</suite>
<statistics>
<total>
<stat pass="9" fail="0" skip="0">All Tests</stat>
</total>
<tag>
<stat pass="5" fail="0" skip="0">admin</stat>
<stat pass="4" fail="0" skip="0">user</stat>
</tag>
<suite>
<stat pass="9" fail="0" skip="0" id="s1" name="Book">Book</stat>
</suite>
</statistics>
<errors>
</errors>
</robot>
