<?xml version="1.0" encoding="UTF-8"?>
<robot generator="Robot 5.0 (Python 3.9.10 on win32)" generated="20220407 09:53:34.290" rpa="false" schemaversion="3">
<suite id="s1" name="Login" source="C:\Users\Lenovo\PycharmProjects\Robot Framework\Tests\Facebook\FunctionalTestSuite\Login.robot">
<test id="s1-t1" name="Login Screen Test" line="6">
<kw name="Log" library="BuiltIn">
<arg>Hello</arg>
<doc>Logs the given message with the given level.</doc>
<msg timestamp="20220407 09:53:34.681" level="INFO">Hello</msg>
<status status="PASS" starttime="20220407 09:53:34.680" endtime="20220407 09:53:34.681"/>
</kw>
<doc>This is a login screen</doc>
<tag>Users</tag>
<status status="PASS" starttime="20220407 09:53:34.660" endtime="20220407 09:53:34.682"/>
</test>
<test id="s1-t2" name="Registration Screen Test" line="10">
<kw name="Log" library="BuiltIn">
<arg>Success</arg>
<doc>Logs the given message with the given level.</doc>
<msg timestamp="20220407 09:53:34.688" level="INFO">Success</msg>
<status status="PASS" starttime="20220407 09:53:34.688" endtime="20220407 09:53:34.688"/>
</kw>
<doc>This is the registration screen</doc>
<tag>users</tag>
<status status="PASS" starttime="20220407 09:53:34.686" endtime="20220407 09:53:34.689"/>
</test>
<test id="s1-t3" name="Admin Screen Test" line="15">
<kw name="Log" library="BuiltIn">
<arg>Admin</arg>
<doc>Logs the given message with the given level.</doc>
<msg timestamp="20220407 09:53:34.692" level="INFO">Admin</msg>
<status status="PASS" starttime="20220407 09:53:34.692" endtime="20220407 09:53:34.692"/>
</kw>
<doc>This page is for Admins</doc>
<tag>Admin</tag>
<status status="PASS" starttime="20220407 09:53:34.691" endtime="20220407 09:53:34.694"/>
</test>
<status status="PASS" starttime="20220407 09:53:34.338" endtime="20220407 09:53:34.698"/>
</suite>
<statistics>
<total>
<stat pass="3" fail="0" skip="0">All Tests</stat>
</total>
<tag>
<stat pass="1" fail="0" skip="0">Admin</stat>
<stat pass="2" fail="0" skip="0">Users</stat>
</tag>
<suite>
<stat pass="3" fail="0" skip="0" id="s1" name="Login">Login</stat>
</suite>
</statistics>
<errors>
</errors>
</robot>
